<?xml version="1.0" encoding="UTF-8"?>
<testng-results skipped="0" failed="0" ignored="0" total="1" passed="1">
  <reporter-output>
  </reporter-output>
  <suite name="Default suite" duration-ms="18028" started-at="2018-09-03T15:53:01Z" finished-at="2018-09-03T15:53:19Z">
    <groups>
    </groups>
    <test name="Default test" duration-ms="18028" started-at="2018-09-03T15:53:01Z" finished-at="2018-09-03T15:53:19Z">
      <class name="Test_Scripts.Test_RegistrationPage">
        <test-method status="PASS" signature="steup()[pri:0, instance:Test_Scripts.Test_RegistrationPage@4667ae56]" name="steup" is-config="true" duration-ms="9348" started-at="2018-09-03T15:53:01Z" finished-at="2018-09-03T15:53:10Z">
          <reporter-output>
          </reporter-output>
        </test-method> <!-- steup -->
        <test-method status="PASS" signature="VerifRegistration()[pri:1, instance:Test_Scripts.Test_RegistrationPage@4667ae56]" name="VerifRegistration" duration-ms="7644" started-at="2018-09-03T15:53:10Z" finished-at="2018-09-03T15:53:18Z">
          <reporter-output>
          </reporter-output>
        </test-method> <!-- VerifRegistration -->
        <test-method status="PASS" signature="TearDown()[pri:0, instance:Test_Scripts.Test_RegistrationPage@4667ae56]" name="TearDown" is-config="true" duration-ms="987" started-at="2018-09-03T15:53:18Z" finished-at="2018-09-03T15:53:19Z">
          <reporter-output>
          </reporter-output>
        </test-method> <!-- TearDown -->
      </class> <!-- Test_Scripts.Test_RegistrationPage -->
    </test> <!-- Default test -->
  </suite> <!-- Default suite -->
</testng-results>
