<?xml version="1.0" encoding="UTF-8"?>
<!-- Generated by org.testng.reporters.JUnitXMLReporter -->
<testsuite hostname="ANDY" ignored="0" name="Rabbit Application Test Cases" tests="4" failures="0" timestamp="26 Aug 2018 17:31:42 GMT" time="52.793" errors="0">
  <testcase name="VerifRegistration" time="8.208" classname="Test_Scripts.Test_RegistrationPage"/>
  <testcase name="VerifyLogin" time="7.772" classname="Test_Scripts.Test_UpdateProfilePage"/>
  <testcase name="VerifyNavigateMyDetailsPage" time="8.028" classname="Test_Scripts.Test_UpdateProfilePage"/>
  <testcase name="VerifyUpdateAddressAndSave" time="10.71" classname="Test_Scripts.Test_UpdateProfilePage"/>
</testsuite> <!-- Rabbit Application Test Cases -->
