<?xml version="1.0" encoding="UTF-8"?>
<!-- Generated by org.testng.reporters.JUnitXMLReporter -->
<testsuite hostname="ANDY" ignored="0" name="Rabbit Application Test Cases" tests="4" failures="0" timestamp="03 Sep 2018 15:36:08 GMT" time="79.37" errors="0">
  <testcase name="VerifRegistration" time="9.511" classname="Test_Scripts.Test_RegistrationPage"/>
  <testcase name="VerifyLogin" time="6.065" classname="Test_Scripts.Test_UpdateProfilePage"/>
  <testcase name="VerifyNavigateMyDetailsPage" time="8.732" classname="Test_Scripts.Test_UpdateProfilePage"/>
  <testcase name="VerifyUpdateAddressAndSave" time="12.13" classname="Test_Scripts.Test_UpdateProfilePage"/>
</testsuite> <!-- Rabbit Application Test Cases -->
